
Welcome to Willie. Loading modules...


Error loading ted: invalid syntax (ted.py, line 15) (bot.py:138)


Registered 0 modules,
1 modules failed to load


Connecting to chat.freenode.net:6697...
Connected.
Got quit signal, shutting down.
ERROR:willie.modules.willie.irc:ERROR recieved from server: Closing Link: signalnine.net (Quit: Closing)
Calling shutdown for 0 modules.
Closed!

Welcome to Willie. Loading modules...


Error loading ted: invalid syntax (ted.py, line 17) (bot.py:138)


Registered 0 modules,
1 modules failed to load


Connecting to chat.freenode.net:6697...
Connected.
Got quit signal, shutting down.
ERROR:willie.modules.willie.irc:ERROR recieved from server: Closing Link: signalnine.net (Quit: Closing)
Calling shutdown for 0 modules.
Closed!

Welcome to Willie. Loading modules...




Registered 1 modules,
0 modules failed to load


Connecting to chat.freenode.net:6697...
Connected.
Got quit signal, shutting down.
ERROR:willie.modules.willie.irc:ERROR recieved from server: Closing Link: signalnine.net (Quit: Closing)
Calling shutdown for 0 modules.
Closed!

Welcome to Willie. Loading modules...




Registered 1 modules,
0 modules failed to load


Connecting to chat.freenode.net:6697...
Connected.
Got quit signal, shutting down.
ERROR:willie.modules.willie.irc:ERROR recieved from server: Closing Link: signalnine.net (Quit: Closing)
Calling shutdown for 0 modules.
Closed!

Welcome to Willie. Loading modules...




Registered 1 modules,
0 modules failed to load


Connecting to chat.freenode.net:6697...
Connected.
Got quit signal, shutting down.
ERROR:willie.modules.willie.irc:ERROR recieved from server: Closing Link: signalnine.net (Quit: Closing)
Calling shutdown for 0 modules.
Closed!

Welcome to Willie. Loading modules...




Registered 1 modules,
0 modules failed to load


Connecting to chat.freenode.net:6697...
Connected.
Ping timeout reached after 120 seconds, closing connection
Calling shutdown for 0 modules.
Closed!
Traceback (most recent call last):
  File "/usr/lib/python2.7/asyncore.py", line 83, in read
    obj.handle_read_event()
  File "/usr/lib/python2.7/asyncore.py", line 449, in handle_read_event
    self.handle_read()
  File "/usr/lib/python2.7/asynchat.py", line 158, in handle_read
    self.found_terminator()
  File "/home/gabe/tedbot/willie/irc.py", line 386, in found_terminator
    self.write(('PONG', pretrigger.args[-1]))
  File "/home/gabe/tedbot/willie/irc.py", line 196, in write
    self.send(temp.encode('utf-8'))
  File "/home/gabe/tedbot/willie/irc.py", line 325, in _ssl_send
    result = self.socket.send(data)
  File "/usr/lib/python2.7/socket.py", line 170, in _dummy
    raise error(EBADF, 'Bad file descriptor')
error: [Errno 9] Bad file descriptor

ERROR:willie.modules.willie.irc:Fatal error in core, please review exception log
Warning: Disconnected. Reconnecting in 20 seconds...

Welcome to Willie. Loading modules...




Registered 1 modules,
0 modules failed to load


Connecting to chat.freenode.net:6697...
Connected.
Got quit signal, shutting down.
ERROR:willie.modules.willie.irc:ERROR recieved from server: Closing Link: signalnine.net (Quit: Closing)
Calling shutdown for 0 modules.
Closed!

Welcome to Willie. Loading modules...




Registered 1 modules,
0 modules failed to load


Connecting to chat.freenode.net:6697...
Connected.

Welcome to Willie. Loading modules...




Registered 1 modules,
0 modules failed to load


Connecting to chat.freenode.net:6697...
Connected.
Got quit signal, shutting down.
ERROR:willie.modules.willie.irc:ERROR recieved from server: Closing Link: signalnine.net (Quit: Closing)
Calling shutdown for 0 modules.
Closed!

Welcome to Willie. Loading modules...




Registered 1 modules,
0 modules failed to load


Connecting to chat.freenode.net:6697...
Connected.
Got quit signal, shutting down.
ERROR:willie.modules.willie.irc:ERROR recieved from server: Closing Link: signalnine.net (Quit: Closing)
Calling shutdown for 0 modules.
Closed!

Welcome to Willie. Loading modules...




Registered 1 modules,
0 modules failed to load


Connecting to chat.freenode.net:6697...
Connected.
Got quit signal, shutting down.
ERROR:willie.modules.willie.irc:ERROR recieved from server: Closing Link: signalnine.net (Quit: Closing)
Calling shutdown for 0 modules.
Closed!
